2026-03-15 12:45:01 [main] INFO  c.p.PigTransportSystemApplication - Starting PigTransportSystemApplication using Java 21.0.7 on 翠羽 with PID 11824 (E:\github\pig-transport-system\target\classes started by 34454 in E:\github\pig-transport-system)
2026-03-15 12:45:01 [main] DEBUG c.p.PigTransportSystemApplication - Running with Spring Boot v2.7.18, Spring v5.3.31
2026-03-15 12:45:01 [main] INFO  c.p.PigTransportSystemApplication - No active profile set, falling back to 1 default profile: "default"
2026-03-15 12:45:02 [main] DEBUG c.b.m.a.MybatisPlusAutoConfiguration - Searching for mappers annotated with @Mapper
2026-03-15 12:45:02 [main] DEBUG c.b.m.a.MybatisPlusAutoConfiguration - Using auto-configuration base package 'com.pigtransport'
2026-03-15 12:45:02 [main] INFO  o.s.b.w.e.tomcat.TomcatWebServer - Tomcat initialized with port(s): 8080 (http)
2026-03-15 12:45:02 [main] INFO  o.a.c.core.AprLifecycleListener - Loaded Apache Tomcat Native library [1.3.1] using APR version [1.7.4].
2026-03-15 12:45:02 [main] INFO  o.a.c.core.AprLifecycleListener - APR capabilities: IPv6 [true], sendfile [true], accept filters [false], random [true], UDS [true].
2026-03-15 12:45:02 [main] INFO  o.a.c.core.AprLifecycleListener - APR/OpenSSL configuration: useAprConnector [false], useOpenSSL [true]
2026-03-15 12:45:02 [main] INFO  o.a.c.core.AprLifecycleListener - OpenSSL successfully initialized [OpenSSL 3.0.14 4 Jun 2024]
2026-03-15 12:45:02 [main] INFO  o.a.catalina.core.StandardService - Starting service [Tomcat]
2026-03-15 12:45:02 [main] INFO  o.a.catalina.core.StandardEngine - Starting Servlet engine: [Apache Tomcat/9.0.83]
2026-03-15 12:45:02 [main] INFO  o.a.c.c.C.[Tomcat].[localhost].[/] - Initializing Spring embedded WebApplicationContext
2026-03-15 12:45:02 [main] INFO  o.s.b.w.s.c.ServletWebServerApplicationContext - Root WebApplicationContext: initialization completed in 1311 ms
2026-03-15 12:45:03 [main] INFO  o.s.b.a.w.s.WelcomePageHandlerMapping - Adding welcome page: class path resource [static/index.html]
2026-03-15 12:45:03 [main] DEBUG c.b.m.a.MybatisPlusAutoConfiguration - Not found configuration for registering mapper bean using @MapperScan, MapperFactoryBean and MapperScannerConfigurer.
2026-03-15 12:45:03 [main] WARN  o.s.b.a.t.ThymeleafAutoConfiguration$DefaultTemplateResolverConfiguration - Cannot find template location: classpath:/templates/ (please add some templates, check your Thymeleaf configuration, or set spring.thymeleaf.check-template-location=false)
2026-03-15 12:45:03 [main] INFO  o.s.b.w.e.tomcat.TomcatWebServer - Tomcat started on port(s): 8080 (http) with context path ''
2026-03-15 12:45:03 [main] INFO  c.p.PigTransportSystemApplication - Started PigTransportSystemApplication in 2.863 seconds (JVM running for 3.677)
2026-03-15 12:45:11 [http-nio-8080-exec-1] INFO  o.a.c.c.C.[Tomcat].[localhost].[/] - Initializing Spring DispatcherServlet 'dispatcherServlet'
2026-03-15 12:45:11 [http-nio-8080-exec-1] INFO  o.s.web.servlet.DispatcherServlet - Initializing Servlet 'dispatcherServlet'
2026-03-15 12:45:11 [http-nio-8080-exec-1] INFO  o.s.web.servlet.DispatcherServlet - Completed initialization in 3 ms
2026-03-15 12:45:19 [http-nio-8080-exec-1] INFO  com.zaxxer.hikari.HikariDataSource - HikariPool-1 - Starting...
2026-03-15 12:45:19 [http-nio-8080-exec-1] INFO  com.zaxxer.hikari.HikariDataSource - HikariPool-1 - Start completed.
